七月 14, 2017 9:49:04 上午 org.apache.catalina.core.AprLifecycleListener init
信息: The APR based Apache Tomcat Native library which allows optimal performance in production environments was not found on the java.library.path: C:\Program Files\Java\jdk1.8.0_101\bin;C:\WINDOWS\Sun\Java\bin;C:\WINDOWS\system32;C:\WINDOWS;C:\Users\SiVan\AppData\Local\Programs\Python\Python36-32;C:\Users\SiVan\AppData\Local\Programs\Python\Python36-32\Scripts\;C:\Program Files\Java\jdk1.8.0_101\bin;C:\ProgramData\Oracle\Java\javapath;C:\WINDOWS\system32;C:\WINDOWS;C:\WINDOWS\System32\Wbem;C:\WINDOWS\System32\WindowsPowerShell\v1.0\;E:\MySQL\bin;D:\Program Files\Git\Git\cmd;D:\Program Files\node\;C:\Program Files\Microsoft SQL Server\90\Tools\binn\;C:\Program Files (x86)\Microsoft SQL Server\90\Tools\binn\;C:\Program Files (x86)\Microsoft SQL Server\90\DTS\Binn\;C:\Program Files (x86)\Microsoft SQL Server\90\Tools\Binn\VSShell\Common7\IDE\;C:\Program Files (x86)\Microsoft Visual Studio 8\Common7\IDE\PrivateAssemblies\;E:\SQL2012\实例根目录\110\DTS\Binn\;E:\SQL2012\实例根目录X86\110\Tools\Binn\;E:\SQL2012\实例根目录\110\Tools\Binn\;E:\SQL2012\实例根目录X86\110\Tools\Binn\ManagementStudio\;C:\Program Files (x86)\Microsoft Visual Studio 10.0\Common7\IDE\PrivateAssemblies\;E:\SQL2012\实例根目录X86\110\DTS\Binn\;E:\Anaconda;E:\Anaconda\Scripts;E:\Anaconda\Library\bin;C:\Users\SiVan\AppData\Roaming\npm;C:\Users\SiVan\AppData\Local\atom\bin;.
七月 14, 2017 9:49:04 上午 org.apache.coyote.AbstractProtocol init
信息: Initializing ProtocolHandler ["http-bio-8080"]
七月 14, 2017 9:49:04 上午 org.apache.coyote.AbstractProtocol init
信息: Initializing ProtocolHandler ["ajp-bio-8009"]
七月 14, 2017 9:49:04 上午 org.apache.catalina.startup.Catalina load
信息: Initialization processed in 334 ms
七月 14, 2017 9:49:04 上午 org.apache.catalina.core.StandardService startInternal
信息: Starting service Catalina
七月 14, 2017 9:49:04 上午 org.apache.catalina.core.StandardEngine startInternal
信息: Starting Servlet Engine: Apache Tomcat/7.0.53
七月 14, 2017 9:49:04 上午 org.apache.catalina.startup.HostConfig deployDirectory
信息: Deploying web application directory F:\Github仓库\JspWorkSpace\apache-tomcat-7.0.53\webapps\docs
七月 14, 2017 9:49:04 上午 org.apache.catalina.util.SessionIdGenerator createSecureRandom
信息: Creation of SecureRandom instance for session ID generation using [SHA1PRNG] took [161] milliseconds.
七月 14, 2017 9:49:04 上午 org.apache.catalina.startup.HostConfig deployDirectory
信息: Deploying web application directory F:\Github仓库\JspWorkSpace\apache-tomcat-7.0.53\webapps\examples
七月 14, 2017 9:49:04 上午 org.apache.catalina.startup.HostConfig deployDirectory
信息: Deploying web application directory F:\Github仓库\JspWorkSpace\apache-tomcat-7.0.53\webapps\host-manager
七月 14, 2017 9:49:05 上午 org.apache.catalina.startup.HostConfig deployDirectory
信息: Deploying web application directory F:\Github仓库\JspWorkSpace\apache-tomcat-7.0.53\webapps\hut
七月 14, 2017 9:49:05 上午 org.apache.catalina.startup.HostConfig deployDirectory
信息: Deploying web application directory F:\Github仓库\JspWorkSpace\apache-tomcat-7.0.53\webapps\manager
七月 14, 2017 9:49:05 上午 org.apache.catalina.startup.HostConfig deployDirectory
信息: Deploying web application directory F:\Github仓库\JspWorkSpace\apache-tomcat-7.0.53\webapps\ROOT
七月 14, 2017 9:49:05 上午 org.apache.catalina.startup.HostConfig deployDirectory
信息: Deploying web application directory F:\Github仓库\JspWorkSpace\apache-tomcat-7.0.53\webapps\T-mall
七月 14, 2017 9:49:05 上午 org.apache.catalina.startup.HostConfig deployDirectory
信息: Deploying web application directory F:\Github仓库\JspWorkSpace\apache-tomcat-7.0.53\webapps\webDemo
七月 14, 2017 9:49:05 上午 org.apache.coyote.AbstractProtocol start
信息: Starting ProtocolHandler ["http-bio-8080"]
七月 14, 2017 9:49:05 上午 org.apache.coyote.AbstractProtocol start
信息: Starting ProtocolHandler ["ajp-bio-8009"]
七月 14, 2017 9:49:05 上午 org.apache.catalina.startup.Catalina start
信息: Server startup in 1027 ms
七月 14, 2017 10:35:35 上午 org.apache.catalina.core.AprLifecycleListener init
信息: The APR based Apache Tomcat Native library which allows optimal performance in production environments was not found on the java.library.path: C:\Program Files\Java\jdk1.8.0_101\bin;C:\WINDOWS\Sun\Java\bin;C:\WINDOWS\system32;C:\WINDOWS;C:\Users\SiVan\AppData\Local\Programs\Python\Python36-32;C:\Users\SiVan\AppData\Local\Programs\Python\Python36-32\Scripts\;C:\Program Files\Java\jdk1.8.0_101\bin;C:\ProgramData\Oracle\Java\javapath;C:\WINDOWS\system32;C:\WINDOWS;C:\WINDOWS\System32\Wbem;C:\WINDOWS\System32\WindowsPowerShell\v1.0\;E:\MySQL\bin;D:\Program Files\Git\Git\cmd;D:\Program Files\node\;C:\Program Files\Microsoft SQL Server\90\Tools\binn\;C:\Program Files (x86)\Microsoft SQL Server\90\Tools\binn\;C:\Program Files (x86)\Microsoft SQL Server\90\DTS\Binn\;C:\Program Files (x86)\Microsoft SQL Server\90\Tools\Binn\VSShell\Common7\IDE\;C:\Program Files (x86)\Microsoft Visual Studio 8\Common7\IDE\PrivateAssemblies\;E:\SQL2012\实例根目录\110\DTS\Binn\;E:\SQL2012\实例根目录X86\110\Tools\Binn\;E:\SQL2012\实例根目录\110\Tools\Binn\;E:\SQL2012\实例根目录X86\110\Tools\Binn\ManagementStudio\;C:\Program Files (x86)\Microsoft Visual Studio 10.0\Common7\IDE\PrivateAssemblies\;E:\SQL2012\实例根目录X86\110\DTS\Binn\;E:\Anaconda;E:\Anaconda\Scripts;E:\Anaconda\Library\bin;C:\Users\SiVan\AppData\Roaming\npm;C:\Users\SiVan\AppData\Local\atom\bin;.
七月 14, 2017 10:35:35 上午 org.apache.coyote.AbstractProtocol init
信息: Initializing ProtocolHandler ["http-bio-8080"]
七月 14, 2017 10:35:35 上午 org.apache.coyote.AbstractProtocol init
信息: Initializing ProtocolHandler ["ajp-bio-8009"]
七月 14, 2017 10:35:35 上午 org.apache.catalina.startup.Catalina load
信息: Initialization processed in 335 ms
七月 14, 2017 10:35:35 上午 org.apache.catalina.core.StandardService startInternal
信息: Starting service Catalina
七月 14, 2017 10:35:35 上午 org.apache.catalina.core.StandardEngine startInternal
信息: Starting Servlet Engine: Apache Tomcat/7.0.53
七月 14, 2017 10:35:35 上午 org.apache.catalina.startup.HostConfig deployDirectory
信息: Deploying web application directory F:\Github仓库\JspWorkSpace\apache-tomcat-7.0.53\webapps\docs
七月 14, 2017 10:35:35 上午 org.apache.catalina.util.SessionIdGenerator createSecureRandom
信息: Creation of SecureRandom instance for session ID generation using [SHA1PRNG] took [151] milliseconds.
七月 14, 2017 10:35:35 上午 org.apache.catalina.startup.HostConfig deployDirectory
信息: Deploying web application directory F:\Github仓库\JspWorkSpace\apache-tomcat-7.0.53\webapps\examples
七月 14, 2017 10:35:36 上午 org.apache.catalina.startup.HostConfig deployDirectory
信息: Deploying web application directory F:\Github仓库\JspWorkSpace\apache-tomcat-7.0.53\webapps\host-manager
七月 14, 2017 10:35:36 上午 org.apache.catalina.startup.HostConfig deployDirectory
信息: Deploying web application directory F:\Github仓库\JspWorkSpace\apache-tomcat-7.0.53\webapps\hut
七月 14, 2017 10:35:36 上午 org.apache.catalina.startup.HostConfig deployDirectory
信息: Deploying web application directory F:\Github仓库\JspWorkSpace\apache-tomcat-7.0.53\webapps\manager
七月 14, 2017 10:35:36 上午 org.apache.catalina.startup.HostConfig deployDirectory
信息: Deploying web application directory F:\Github仓库\JspWorkSpace\apache-tomcat-7.0.53\webapps\ROOT
七月 14, 2017 10:35:36 上午 org.apache.catalina.startup.HostConfig deployDirectory
信息: Deploying web application directory F:\Github仓库\JspWorkSpace\apache-tomcat-7.0.53\webapps\T-mall
七月 14, 2017 10:35:36 上午 org.apache.catalina.startup.HostConfig deployDirectory
信息: Deploying web application directory F:\Github仓库\JspWorkSpace\apache-tomcat-7.0.53\webapps\webDemo
七月 14, 2017 10:35:36 上午 org.apache.coyote.AbstractProtocol start
信息: Starting ProtocolHandler ["http-bio-8080"]
七月 14, 2017 10:35:36 上午 org.apache.coyote.AbstractProtocol start
信息: Starting ProtocolHandler ["ajp-bio-8009"]
七月 14, 2017 10:35:36 上午 org.apache.catalina.startup.Catalina start
信息: Server startup in 1044 ms
七月 14, 2017 10:45:03 上午 org.apache.catalina.core.StandardServer await
信息: A valid shutdown command was received via the shutdown port. Stopping the Server instance.
七月 14, 2017 10:45:03 上午 org.apache.coyote.AbstractProtocol pause
信息: Pausing ProtocolHandler ["http-bio-8080"]
七月 14, 2017 10:45:03 上午 org.apache.coyote.AbstractProtocol pause
信息: Pausing ProtocolHandler ["ajp-bio-8009"]
七月 14, 2017 10:45:03 上午 org.apache.catalina.core.StandardService stopInternal
信息: Stopping service Catalina
七月 14, 2017 10:45:03 上午 org.apache.catalina.loader.WebappClassLoader clearReferencesThreads
严重: The web application [/webDemo] appears to have started a thread named [Abandoned connection cleanup thread] but has failed to stop it. This is very likely to create a memory leak.
七月 14, 2017 10:45:03 上午 org.apache.catalina.loader.WebappClassLoader clearReferencesJdbc
严重: The web application [/hut] registered the JDBC driver [com.mysql.jdbc.Driver] but failed to unregister it when the web application was stopped. To prevent a memory leak, the JDBC Driver has been forcibly unregistered.
七月 14, 2017 10:45:03 上午 org.apache.catalina.loader.WebappClassLoader clearReferencesThreads
严重: The web application [/hut] appears to have started a thread named [Abandoned connection cleanup thread] but has failed to stop it. This is very likely to create a memory leak.
七月 14, 2017 10:45:03 上午 org.apache.coyote.AbstractProtocol stop
信息: Stopping ProtocolHandler ["http-bio-8080"]
七月 14, 2017 10:45:03 上午 org.apache.coyote.AbstractProtocol stop
信息: Stopping ProtocolHandler ["ajp-bio-8009"]
七月 14, 2017 10:45:03 上午 org.apache.coyote.AbstractProtocol destroy
信息: Destroying ProtocolHandler ["http-bio-8080"]
七月 14, 2017 10:45:03 上午 org.apache.coyote.AbstractProtocol destroy
信息: Destroying ProtocolHandler ["ajp-bio-8009"]
七月 14, 2017 10:45:07 上午 org.apache.catalina.startup.Catalina stopServer
严重: Could not contact localhost:8005. Tomcat may not be running.
七月 14, 2017 10:45:07 上午 org.apache.catalina.startup.Catalina stopServer
严重: Catalina.stop: 
java.net.ConnectException: Connection refused: connect
	at java.net.DualStackPlainSocketImpl.connect0(Native Method)
	at java.net.DualStackPlainSocketImpl.socketConnect(DualStackPlainSocketImpl.java:79)
	at java.net.AbstractPlainSocketImpl.doConnect(AbstractPlainSocketImpl.java:350)
	at java.net.AbstractPlainSocketImpl.connectToAddress(AbstractPlainSocketImpl.java:206)
	at java.net.AbstractPlainSocketImpl.connect(AbstractPlainSocketImpl.java:188)
	at java.net.PlainSocketImpl.connect(PlainSocketImpl.java:172)
	at java.net.SocksSocketImpl.connect(SocksSocketImpl.java:392)
	at java.net.Socket.connect(Socket.java:589)
	at java.net.Socket.connect(Socket.java:538)
	at java.net.Socket.<init>(Socket.java:434)
	at java.net.Socket.<init>(Socket.java:211)
	at org.apache.catalina.startup.Catalina.stopServer(Catalina.java:498)
	at sun.reflect.NativeMethodAccessorImpl.invoke0(Native Method)
	at sun.reflect.NativeMethodAccessorImpl.invoke(NativeMethodAccessorImpl.java:62)
	at sun.reflect.DelegatingMethodAccessorImpl.invoke(DelegatingMethodAccessorImpl.java:43)
	at java.lang.reflect.Method.invoke(Method.java:498)
	at org.apache.catalina.startup.Bootstrap.stopServer(Bootstrap.java:370)
	at org.apache.catalina.startup.Bootstrap.main(Bootstrap.java:457)

七月 14, 2017 10:45:10 上午 org.apache.catalina.startup.Catalina stopServer
严重: Could not contact localhost:8005. Tomcat may not be running.
七月 14, 2017 10:45:10 上午 org.apache.catalina.startup.Catalina stopServer
严重: Catalina.stop: 
java.net.ConnectException: Connection refused: connect
	at java.net.DualStackPlainSocketImpl.connect0(Native Method)
	at java.net.DualStackPlainSocketImpl.socketConnect(DualStackPlainSocketImpl.java:79)
	at java.net.AbstractPlainSocketImpl.doConnect(AbstractPlainSocketImpl.java:350)
	at java.net.AbstractPlainSocketImpl.connectToAddress(AbstractPlainSocketImpl.java:206)
	at java.net.AbstractPlainSocketImpl.connect(AbstractPlainSocketImpl.java:188)
	at java.net.PlainSocketImpl.connect(PlainSocketImpl.java:172)
	at java.net.SocksSocketImpl.connect(SocksSocketImpl.java:392)
	at java.net.Socket.connect(Socket.java:589)
	at java.net.Socket.connect(Socket.java:538)
	at java.net.Socket.<init>(Socket.java:434)
	at java.net.Socket.<init>(Socket.java:211)
	at org.apache.catalina.startup.Catalina.stopServer(Catalina.java:498)
	at sun.reflect.NativeMethodAccessorImpl.invoke0(Native Method)
	at sun.reflect.NativeMethodAccessorImpl.invoke(NativeMethodAccessorImpl.java:62)
	at sun.reflect.DelegatingMethodAccessorImpl.invoke(DelegatingMethodAccessorImpl.java:43)
	at java.lang.reflect.Method.invoke(Method.java:498)
	at org.apache.catalina.startup.Bootstrap.stopServer(Bootstrap.java:370)
	at org.apache.catalina.startup.Bootstrap.main(Bootstrap.java:457)

七月 14, 2017 10:45:12 上午 org.apache.catalina.core.AprLifecycleListener init
信息: The APR based Apache Tomcat Native library which allows optimal performance in production environments was not found on the java.library.path: C:\Program Files\Java\jdk1.8.0_101\bin;C:\WINDOWS\Sun\Java\bin;C:\WINDOWS\system32;C:\WINDOWS;C:\Users\SiVan\AppData\Local\Programs\Python\Python36-32;C:\Users\SiVan\AppData\Local\Programs\Python\Python36-32\Scripts\;C:\Program Files\Java\jdk1.8.0_101\bin;C:\ProgramData\Oracle\Java\javapath;C:\WINDOWS\system32;C:\WINDOWS;C:\WINDOWS\System32\Wbem;C:\WINDOWS\System32\WindowsPowerShell\v1.0\;E:\MySQL\bin;D:\Program Files\Git\Git\cmd;D:\Program Files\node\;C:\Program Files\Microsoft SQL Server\90\Tools\binn\;C:\Program Files (x86)\Microsoft SQL Server\90\Tools\binn\;C:\Program Files (x86)\Microsoft SQL Server\90\DTS\Binn\;C:\Program Files (x86)\Microsoft SQL Server\90\Tools\Binn\VSShell\Common7\IDE\;C:\Program Files (x86)\Microsoft Visual Studio 8\Common7\IDE\PrivateAssemblies\;E:\SQL2012\实例根目录\110\DTS\Binn\;E:\SQL2012\实例根目录X86\110\Tools\Binn\;E:\SQL2012\实例根目录\110\Tools\Binn\;E:\SQL2012\实例根目录X86\110\Tools\Binn\ManagementStudio\;C:\Program Files (x86)\Microsoft Visual Studio 10.0\Common7\IDE\PrivateAssemblies\;E:\SQL2012\实例根目录X86\110\DTS\Binn\;E:\Anaconda;E:\Anaconda\Scripts;E:\Anaconda\Library\bin;C:\Users\SiVan\AppData\Roaming\npm;C:\Users\SiVan\AppData\Local\atom\bin;.
七月 14, 2017 10:45:12 上午 org.apache.coyote.AbstractProtocol init
信息: Initializing ProtocolHandler ["http-bio-8080"]
七月 14, 2017 10:45:12 上午 org.apache.coyote.AbstractProtocol init
信息: Initializing ProtocolHandler ["ajp-bio-8009"]
七月 14, 2017 10:45:12 上午 org.apache.catalina.startup.Catalina load
信息: Initialization processed in 321 ms
七月 14, 2017 10:45:12 上午 org.apache.catalina.core.StandardService startInternal
信息: Starting service Catalina
七月 14, 2017 10:45:12 上午 org.apache.catalina.core.StandardEngine startInternal
信息: Starting Servlet Engine: Apache Tomcat/7.0.53
七月 14, 2017 10:45:12 上午 org.apache.catalina.startup.HostConfig deployDirectory
信息: Deploying web application directory F:\Github仓库\JspWorkSpace\apache-tomcat-7.0.53\webapps\docs
七月 14, 2017 10:45:13 上午 org.apache.catalina.util.SessionIdGenerator createSecureRandom
信息: Creation of SecureRandom instance for session ID generation using [SHA1PRNG] took [154] milliseconds.
七月 14, 2017 10:45:13 上午 org.apache.catalina.startup.HostConfig deployDirectory
信息: Deploying web application directory F:\Github仓库\JspWorkSpace\apache-tomcat-7.0.53\webapps\examples
七月 14, 2017 10:45:13 上午 org.apache.catalina.startup.HostConfig deployDirectory
信息: Deploying web application directory F:\Github仓库\JspWorkSpace\apache-tomcat-7.0.53\webapps\host-manager
七月 14, 2017 10:45:13 上午 org.apache.catalina.startup.HostConfig deployDirectory
信息: Deploying web application directory F:\Github仓库\JspWorkSpace\apache-tomcat-7.0.53\webapps\hut
七月 14, 2017 10:45:13 上午 org.apache.catalina.startup.HostConfig deployDirectory
信息: Deploying web application directory F:\Github仓库\JspWorkSpace\apache-tomcat-7.0.53\webapps\manager
七月 14, 2017 10:45:13 上午 org.apache.catalina.startup.HostConfig deployDirectory
信息: Deploying web application directory F:\Github仓库\JspWorkSpace\apache-tomcat-7.0.53\webapps\ROOT
七月 14, 2017 10:45:13 上午 org.apache.catalina.startup.HostConfig deployDirectory
信息: Deploying web application directory F:\Github仓库\JspWorkSpace\apache-tomcat-7.0.53\webapps\T-mall
七月 14, 2017 10:45:13 上午 org.apache.catalina.startup.HostConfig deployDirectory
信息: Deploying web application directory F:\Github仓库\JspWorkSpace\apache-tomcat-7.0.53\webapps\webDemo
七月 14, 2017 10:45:13 上午 org.apache.coyote.AbstractProtocol start
信息: Starting ProtocolHandler ["http-bio-8080"]
七月 14, 2017 10:45:13 上午 org.apache.coyote.AbstractProtocol start
信息: Starting ProtocolHandler ["ajp-bio-8009"]
七月 14, 2017 10:45:13 上午 org.apache.catalina.startup.Catalina start
信息: Server startup in 1092 ms
七月 14, 2017 10:53:34 上午 org.apache.catalina.core.AprLifecycleListener init
信息: The APR based Apache Tomcat Native library which allows optimal performance in production environments was not found on the java.library.path: C:\Program Files\Java\jdk1.8.0_101\bin;C:\WINDOWS\Sun\Java\bin;C:\WINDOWS\system32;C:\WINDOWS;C:\Users\SiVan\AppData\Local\Programs\Python\Python36-32;C:\Users\SiVan\AppData\Local\Programs\Python\Python36-32\Scripts\;C:\Program Files\Java\jdk1.8.0_101\bin;C:\ProgramData\Oracle\Java\javapath;C:\WINDOWS\system32;C:\WINDOWS;C:\WINDOWS\System32\Wbem;C:\WINDOWS\System32\WindowsPowerShell\v1.0\;E:\MySQL\bin;D:\Program Files\Git\Git\cmd;D:\Program Files\node\;C:\Program Files\Microsoft SQL Server\90\Tools\binn\;C:\Program Files (x86)\Microsoft SQL Server\90\Tools\binn\;C:\Program Files (x86)\Microsoft SQL Server\90\DTS\Binn\;C:\Program Files (x86)\Microsoft SQL Server\90\Tools\Binn\VSShell\Common7\IDE\;C:\Program Files (x86)\Microsoft Visual Studio 8\Common7\IDE\PrivateAssemblies\;E:\SQL2012\实例根目录\110\DTS\Binn\;E:\SQL2012\实例根目录X86\110\Tools\Binn\;E:\SQL2012\实例根目录\110\Tools\Binn\;E:\SQL2012\实例根目录X86\110\Tools\Binn\ManagementStudio\;C:\Program Files (x86)\Microsoft Visual Studio 10.0\Common7\IDE\PrivateAssemblies\;E:\SQL2012\实例根目录X86\110\DTS\Binn\;E:\Anaconda;E:\Anaconda\Scripts;E:\Anaconda\Library\bin;C:\Users\SiVan\AppData\Roaming\npm;C:\Users\SiVan\AppData\Local\atom\bin;.
七月 14, 2017 10:53:35 上午 org.apache.coyote.AbstractProtocol init
信息: Initializing ProtocolHandler ["http-bio-8080"]
七月 14, 2017 10:53:35 上午 org.apache.coyote.AbstractProtocol init
信息: Initializing ProtocolHandler ["ajp-bio-8009"]
七月 14, 2017 10:53:35 上午 org.apache.catalina.startup.Catalina load
信息: Initialization processed in 319 ms
七月 14, 2017 10:53:35 上午 org.apache.catalina.core.StandardService startInternal
信息: Starting service Catalina
七月 14, 2017 10:53:35 上午 org.apache.catalina.core.StandardEngine startInternal
信息: Starting Servlet Engine: Apache Tomcat/7.0.53
七月 14, 2017 10:53:35 上午 org.apache.catalina.startup.HostConfig deployDirectory
信息: Deploying web application directory F:\Github仓库\JspWorkSpace\apache-tomcat-7.0.53\webapps\docs
七月 14, 2017 10:53:35 上午 org.apache.catalina.util.SessionIdGenerator createSecureRandom
信息: Creation of SecureRandom instance for session ID generation using [SHA1PRNG] took [135] milliseconds.
七月 14, 2017 10:53:35 上午 org.apache.catalina.startup.HostConfig deployDirectory
信息: Deploying web application directory F:\Github仓库\JspWorkSpace\apache-tomcat-7.0.53\webapps\examples
七月 14, 2017 10:53:35 上午 org.apache.catalina.startup.HostConfig deployDirectory
信息: Deploying web application directory F:\Github仓库\JspWorkSpace\apache-tomcat-7.0.53\webapps\host-manager
七月 14, 2017 10:53:35 上午 org.apache.catalina.startup.HostConfig deployDirectory
信息: Deploying web application directory F:\Github仓库\JspWorkSpace\apache-tomcat-7.0.53\webapps\hut
七月 14, 2017 10:53:35 上午 org.apache.catalina.startup.HostConfig deployDirectory
信息: Deploying web application directory F:\Github仓库\JspWorkSpace\apache-tomcat-7.0.53\webapps\manager
七月 14, 2017 10:53:35 上午 org.apache.catalina.startup.HostConfig deployDirectory
信息: Deploying web application directory F:\Github仓库\JspWorkSpace\apache-tomcat-7.0.53\webapps\ROOT
七月 14, 2017 10:53:35 上午 org.apache.catalina.startup.HostConfig deployDirectory
信息: Deploying web application directory F:\Github仓库\JspWorkSpace\apache-tomcat-7.0.53\webapps\T-mall
七月 14, 2017 10:53:36 上午 org.apache.catalina.startup.HostConfig deployDirectory
信息: Deploying web application directory F:\Github仓库\JspWorkSpace\apache-tomcat-7.0.53\webapps\webDemo
七月 14, 2017 10:53:36 上午 org.apache.coyote.AbstractProtocol start
信息: Starting ProtocolHandler ["http-bio-8080"]
七月 14, 2017 10:53:36 上午 org.apache.coyote.AbstractProtocol start
信息: Starting ProtocolHandler ["ajp-bio-8009"]
七月 14, 2017 10:53:36 上午 org.apache.catalina.startup.Catalina start
信息: Server startup in 998 ms
七月 14, 2017 10:54:00 上午 org.apache.coyote.AbstractProtocol pause
信息: Pausing ProtocolHandler ["http-bio-8080"]
七月 14, 2017 10:54:01 上午 org.apache.coyote.AbstractProtocol pause
信息: Pausing ProtocolHandler ["ajp-bio-8009"]
七月 14, 2017 10:54:01 上午 org.apache.catalina.core.StandardService stopInternal
信息: Stopping service Catalina
七月 14, 2017 10:54:01 上午 org.apache.catalina.loader.WebappClassLoader clearReferencesThreads
严重: The web application [/webDemo] appears to have started a thread named [Abandoned connection cleanup thread] but has failed to stop it. This is very likely to create a memory leak.
七月 14, 2017 10:54:01 上午 org.apache.catalina.loader.WebappClassLoader clearReferencesJdbc
严重: The web application [/hut] registered the JDBC driver [com.mysql.jdbc.Driver] but failed to unregister it when the web application was stopped. To prevent a memory leak, the JDBC Driver has been forcibly unregistered.
七月 14, 2017 10:54:01 上午 org.apache.catalina.loader.WebappClassLoader clearReferencesThreads
严重: The web application [/hut] appears to have started a thread named [Abandoned connection cleanup thread] but has failed to stop it. This is very likely to create a memory leak.
七月 14, 2017 10:54:01 上午 org.apache.coyote.AbstractProtocol stop
信息: Stopping ProtocolHandler ["http-bio-8080"]
七月 14, 2017 10:54:01 上午 org.apache.coyote.AbstractProtocol stop
信息: Stopping ProtocolHandler ["ajp-bio-8009"]
七月 14, 2017 10:54:01 上午 org.apache.coyote.AbstractProtocol destroy
信息: Destroying ProtocolHandler ["http-bio-8080"]
七月 14, 2017 10:54:01 上午 org.apache.coyote.AbstractProtocol destroy
信息: Destroying ProtocolHandler ["ajp-bio-8009"]
七月 14, 2017 10:54:05 上午 org.apache.catalina.core.AprLifecycleListener init
信息: The APR based Apache Tomcat Native library which allows optimal performance in production environments was not found on the java.library.path: C:\Program Files\Java\jdk1.8.0_101\bin;C:\WINDOWS\Sun\Java\bin;C:\WINDOWS\system32;C:\WINDOWS;C:\Users\SiVan\AppData\Local\Programs\Python\Python36-32;C:\Users\SiVan\AppData\Local\Programs\Python\Python36-32\Scripts\;C:\Program Files\Java\jdk1.8.0_101\bin;C:\ProgramData\Oracle\Java\javapath;C:\WINDOWS\system32;C:\WINDOWS;C:\WINDOWS\System32\Wbem;C:\WINDOWS\System32\WindowsPowerShell\v1.0\;E:\MySQL\bin;D:\Program Files\Git\Git\cmd;D:\Program Files\node\;C:\Program Files\Microsoft SQL Server\90\Tools\binn\;C:\Program Files (x86)\Microsoft SQL Server\90\Tools\binn\;C:\Program Files (x86)\Microsoft SQL Server\90\DTS\Binn\;C:\Program Files (x86)\Microsoft SQL Server\90\Tools\Binn\VSShell\Common7\IDE\;C:\Program Files (x86)\Microsoft Visual Studio 8\Common7\IDE\PrivateAssemblies\;E:\SQL2012\实例根目录\110\DTS\Binn\;E:\SQL2012\实例根目录X86\110\Tools\Binn\;E:\SQL2012\实例根目录\110\Tools\Binn\;E:\SQL2012\实例根目录X86\110\Tools\Binn\ManagementStudio\;C:\Program Files (x86)\Microsoft Visual Studio 10.0\Common7\IDE\PrivateAssemblies\;E:\SQL2012\实例根目录X86\110\DTS\Binn\;E:\Anaconda;E:\Anaconda\Scripts;E:\Anaconda\Library\bin;C:\Users\SiVan\AppData\Roaming\npm;C:\Users\SiVan\AppData\Local\atom\bin;.
七月 14, 2017 10:54:05 上午 org.apache.coyote.AbstractProtocol init
信息: Initializing ProtocolHandler ["http-bio-8080"]
七月 14, 2017 10:54:06 上午 org.apache.coyote.AbstractProtocol init
信息: Initializing ProtocolHandler ["ajp-bio-8009"]
七月 14, 2017 10:54:06 上午 org.apache.catalina.startup.Catalina load
信息: Initialization processed in 330 ms
七月 14, 2017 10:54:06 上午 org.apache.catalina.core.StandardService startInternal
信息: Starting service Catalina
七月 14, 2017 10:54:06 上午 org.apache.catalina.core.StandardEngine startInternal
信息: Starting Servlet Engine: Apache Tomcat/7.0.53
七月 14, 2017 10:54:06 上午 org.apache.catalina.startup.HostConfig deployDirectory
信息: Deploying web application directory F:\Github仓库\JspWorkSpace\apache-tomcat-7.0.53\webapps\docs
七月 14, 2017 10:54:06 上午 org.apache.catalina.util.SessionIdGenerator createSecureRandom
信息: Creation of SecureRandom instance for session ID generation using [SHA1PRNG] took [168] milliseconds.
七月 14, 2017 10:54:06 上午 org.apache.catalina.startup.HostConfig deployDirectory
信息: Deploying web application directory F:\Github仓库\JspWorkSpace\apache-tomcat-7.0.53\webapps\examples
七月 14, 2017 10:54:06 上午 org.apache.catalina.startup.HostConfig deployDirectory
信息: Deploying web application directory F:\Github仓库\JspWorkSpace\apache-tomcat-7.0.53\webapps\host-manager
七月 14, 2017 10:54:06 上午 org.apache.catalina.startup.HostConfig deployDirectory
信息: Deploying web application directory F:\Github仓库\JspWorkSpace\apache-tomcat-7.0.53\webapps\hut
七月 14, 2017 10:54:07 上午 org.apache.catalina.startup.HostConfig deployDirectory
信息: Deploying web application directory F:\Github仓库\JspWorkSpace\apache-tomcat-7.0.53\webapps\manager
七月 14, 2017 10:54:07 上午 org.apache.catalina.startup.HostConfig deployDirectory
信息: Deploying web application directory F:\Github仓库\JspWorkSpace\apache-tomcat-7.0.53\webapps\ROOT
七月 14, 2017 10:54:07 上午 org.apache.catalina.startup.HostConfig deployDirectory
信息: Deploying web application directory F:\Github仓库\JspWorkSpace\apache-tomcat-7.0.53\webapps\T-mall
七月 14, 2017 10:54:07 上午 org.apache.catalina.startup.HostConfig deployDirectory
信息: Deploying web application directory F:\Github仓库\JspWorkSpace\apache-tomcat-7.0.53\webapps\webDemo
七月 14, 2017 10:54:07 上午 org.apache.coyote.AbstractProtocol start
信息: Starting ProtocolHandler ["http-bio-8080"]
七月 14, 2017 10:54:07 上午 org.apache.coyote.AbstractProtocol start
信息: Starting ProtocolHandler ["ajp-bio-8009"]
七月 14, 2017 10:54:07 上午 org.apache.catalina.startup.Catalina start
信息: Server startup in 1386 ms
七月 14, 2017 10:54:44 上午 org.apache.catalina.core.AprLifecycleListener init
信息: The APR based Apache Tomcat Native library which allows optimal performance in production environments was not found on the java.library.path: C:\Program Files\Java\jdk1.8.0_101\bin;C:\WINDOWS\Sun\Java\bin;C:\WINDOWS\system32;C:\WINDOWS;C:\Users\SiVan\AppData\Local\Programs\Python\Python36-32;C:\Users\SiVan\AppData\Local\Programs\Python\Python36-32\Scripts\;C:\Program Files\Java\jdk1.8.0_101\bin;C:\ProgramData\Oracle\Java\javapath;C:\WINDOWS\system32;C:\WINDOWS;C:\WINDOWS\System32\Wbem;C:\WINDOWS\System32\WindowsPowerShell\v1.0\;E:\MySQL\bin;D:\Program Files\Git\Git\cmd;D:\Program Files\node\;C:\Program Files\Microsoft SQL Server\90\Tools\binn\;C:\Program Files (x86)\Microsoft SQL Server\90\Tools\binn\;C:\Program Files (x86)\Microsoft SQL Server\90\DTS\Binn\;C:\Program Files (x86)\Microsoft SQL Server\90\Tools\Binn\VSShell\Common7\IDE\;C:\Program Files (x86)\Microsoft Visual Studio 8\Common7\IDE\PrivateAssemblies\;E:\SQL2012\实例根目录\110\DTS\Binn\;E:\SQL2012\实例根目录X86\110\Tools\Binn\;E:\SQL2012\实例根目录\110\Tools\Binn\;E:\SQL2012\实例根目录X86\110\Tools\Binn\ManagementStudio\;C:\Program Files (x86)\Microsoft Visual Studio 10.0\Common7\IDE\PrivateAssemblies\;E:\SQL2012\实例根目录X86\110\DTS\Binn\;E:\Anaconda;E:\Anaconda\Scripts;E:\Anaconda\Library\bin;C:\Users\SiVan\AppData\Roaming\npm;C:\Users\SiVan\AppData\Local\atom\bin;.
七月 14, 2017 10:54:44 上午 org.apache.coyote.AbstractProtocol init
信息: Initializing ProtocolHandler ["http-bio-8080"]
七月 14, 2017 10:54:44 上午 org.apache.coyote.AbstractProtocol init
信息: Initializing ProtocolHandler ["ajp-bio-8009"]
七月 14, 2017 10:54:44 上午 org.apache.catalina.startup.Catalina load
信息: Initialization processed in 347 ms
七月 14, 2017 10:54:44 上午 org.apache.catalina.core.StandardService startInternal
信息: Starting service Catalina
七月 14, 2017 10:54:44 上午 org.apache.catalina.core.StandardEngine startInternal
信息: Starting Servlet Engine: Apache Tomcat/7.0.53
七月 14, 2017 10:54:44 上午 org.apache.catalina.startup.HostConfig deployDirectory
信息: Deploying web application directory F:\Github仓库\JspWorkSpace\apache-tomcat-7.0.53\webapps\docs
七月 14, 2017 10:54:45 上午 org.apache.catalina.util.SessionIdGenerator createSecureRandom
信息: Creation of SecureRandom instance for session ID generation using [SHA1PRNG] took [160] milliseconds.
七月 14, 2017 10:54:45 上午 org.apache.catalina.startup.HostConfig deployDirectory
信息: Deploying web application directory F:\Github仓库\JspWorkSpace\apache-tomcat-7.0.53\webapps\examples
七月 14, 2017 10:54:45 上午 org.apache.catalina.startup.HostConfig deployDirectory
信息: Deploying web application directory F:\Github仓库\JspWorkSpace\apache-tomcat-7.0.53\webapps\host-manager
七月 14, 2017 10:54:45 上午 org.apache.catalina.startup.HostConfig deployDirectory
信息: Deploying web application directory F:\Github仓库\JspWorkSpace\apache-tomcat-7.0.53\webapps\hut
七月 14, 2017 10:54:45 上午 org.apache.catalina.startup.HostConfig deployDirectory
信息: Deploying web application directory F:\Github仓库\JspWorkSpace\apache-tomcat-7.0.53\webapps\manager
七月 14, 2017 10:54:45 上午 org.apache.catalina.startup.HostConfig deployDirectory
信息: Deploying web application directory F:\Github仓库\JspWorkSpace\apache-tomcat-7.0.53\webapps\ROOT
七月 14, 2017 10:54:45 上午 org.apache.catalina.startup.HostConfig deployDirectory
信息: Deploying web application directory F:\Github仓库\JspWorkSpace\apache-tomcat-7.0.53\webapps\T-mall
七月 14, 2017 10:54:45 上午 org.apache.catalina.startup.HostConfig deployDirectory
信息: Deploying web application directory F:\Github仓库\JspWorkSpace\apache-tomcat-7.0.53\webapps\webDemo
七月 14, 2017 10:54:46 上午 org.apache.coyote.AbstractProtocol start
信息: Starting ProtocolHandler ["http-bio-8080"]
七月 14, 2017 10:54:46 上午 org.apache.coyote.AbstractProtocol start
信息: Starting ProtocolHandler ["ajp-bio-8009"]
七月 14, 2017 10:54:46 上午 org.apache.catalina.startup.Catalina start
信息: Server startup in 1091 ms
