五月 26, 2017 11:03:01 上午 org.apache.catalina.core.AprLifecycleListener init
信息: The APR based Apache Tomcat Native library which allows optimal performance in production environments was not found on the java.library.path: C:\Program Files\Java\jdk1.8.0_101\bin;C:\WINDOWS\Sun\Java\bin;C:\WINDOWS\system32;C:\WINDOWS;C:\Users\SiVan\AppData\Local\Programs\Python\Python36-32;C:\Users\SiVan\AppData\Local\Programs\Python\Python36-32\Scripts\;C:\Program Files\Java\jdk1.8.0_101\bin;C:\ProgramData\Oracle\Java\javapath;C:\WINDOWS\system32;C:\WINDOWS;C:\WINDOWS\System32\Wbem;C:\WINDOWS\System32\WindowsPowerShell\v1.0\;E:\MySQL\bin;D:\Program Files\Git\Git\cmd;D:\Program Files\node\;C:\Program Files\Microsoft SQL Server\90\Tools\binn\;C:\Program Files (x86)\Microsoft SQL Server\90\Tools\binn\;C:\Program Files (x86)\Microsoft SQL Server\90\DTS\Binn\;C:\Program Files (x86)\Microsoft SQL Server\90\Tools\Binn\VSShell\Common7\IDE\;C:\Program Files (x86)\Microsoft Visual Studio 8\Common7\IDE\PrivateAssemblies\;E:\Anaconda;E:\Anaconda\Scripts;E:\Anaconda\Library\bin;C:\Users\SiVan\AppData\Roaming\npm;C:\Users\SiVan\AppData\Local\atom\bin;.
五月 26, 2017 11:03:01 上午 org.apache.coyote.AbstractProtocol init
信息: Initializing ProtocolHandler ["http-bio-8080"]
五月 26, 2017 11:03:01 上午 org.apache.coyote.AbstractProtocol init
信息: Initializing ProtocolHandler ["ajp-bio-8009"]
五月 26, 2017 11:03:01 上午 org.apache.catalina.startup.Catalina load
信息: Initialization processed in 499 ms
五月 26, 2017 11:03:01 上午 org.apache.catalina.core.StandardService startInternal
信息: Starting service Catalina
五月 26, 2017 11:03:01 上午 org.apache.catalina.core.StandardEngine startInternal
信息: Starting Servlet Engine: Apache Tomcat/7.0.53
五月 26, 2017 11:03:01 上午 org.apache.catalina.startup.HostConfig deployDirectory
信息: Deploying web application directory F:\apache-tomcat-7.0.53\webapps\docs
五月 26, 2017 11:03:02 上午 org.apache.catalina.util.SessionIdGenerator createSecureRandom
信息: Creation of SecureRandom instance for session ID generation using [SHA1PRNG] took [101] milliseconds.
五月 26, 2017 11:03:02 上午 org.apache.catalina.startup.HostConfig deployDirectory
信息: Deploying web application directory F:\apache-tomcat-7.0.53\webapps\examples
五月 26, 2017 11:03:02 上午 org.apache.catalina.startup.HostConfig deployDirectory
信息: Deploying web application directory F:\apache-tomcat-7.0.53\webapps\host-manager
五月 26, 2017 11:03:02 上午 org.apache.catalina.startup.HostConfig deployDirectory
信息: Deploying web application directory F:\apache-tomcat-7.0.53\webapps\imooc
五月 26, 2017 11:03:02 上午 org.apache.catalina.startup.HostConfig deployDirectory
信息: Deploying web application directory F:\apache-tomcat-7.0.53\webapps\manager
五月 26, 2017 11:03:02 上午 org.apache.catalina.startup.HostConfig deployDirectory
信息: Deploying web application directory F:\apache-tomcat-7.0.53\webapps\mine
五月 26, 2017 11:03:02 上午 org.apache.catalina.startup.HostConfig deployDirectory
信息: Deploying web application directory F:\apache-tomcat-7.0.53\webapps\ROOT
五月 26, 2017 11:03:02 上午 org.apache.catalina.startup.HostConfig deployDirectory
信息: Deploying web application directory F:\apache-tomcat-7.0.53\webapps\S5901
五月 26, 2017 11:03:02 上午 org.apache.catalina.startup.HostConfig deployDirectory
信息: Deploying web application directory F:\apache-tomcat-7.0.53\webapps\s5903
五月 26, 2017 11:03:03 上午 org.apache.coyote.AbstractProtocol start
信息: Starting ProtocolHandler ["http-bio-8080"]
五月 26, 2017 11:03:03 上午 org.apache.coyote.AbstractProtocol start
信息: Starting ProtocolHandler ["ajp-bio-8009"]
五月 26, 2017 11:03:03 上午 org.apache.catalina.startup.Catalina start
信息: Server startup in 1470 ms
五月 26, 2017 11:09:01 上午 org.apache.catalina.core.StandardServer await
信息: A valid shutdown command was received via the shutdown port. Stopping the Server instance.
五月 26, 2017 11:09:01 上午 org.apache.coyote.AbstractProtocol pause
信息: Pausing ProtocolHandler ["http-bio-8080"]
五月 26, 2017 11:09:01 上午 org.apache.coyote.AbstractProtocol pause
信息: Pausing ProtocolHandler ["ajp-bio-8009"]
五月 26, 2017 11:09:01 上午 org.apache.catalina.core.StandardService stopInternal
信息: Stopping service Catalina
五月 26, 2017 11:09:01 上午 org.apache.catalina.loader.WebappClassLoader clearReferencesThreads
严重: The web application [/S5901] appears to have started a thread named [Abandoned connection cleanup thread] but has failed to stop it. This is very likely to create a memory leak.
五月 26, 2017 11:09:01 上午 org.apache.catalina.loader.WebappClassLoader clearReferencesThreads
严重: The web application [/s5903] appears to have started a thread named [Abandoned connection cleanup thread] but has failed to stop it. This is very likely to create a memory leak.
五月 26, 2017 11:09:01 上午 org.apache.catalina.loader.WebappClassLoader clearReferencesJdbc
严重: The web application [/mine] registered the JDBC driver [com.mysql.jdbc.Driver] but failed to unregister it when the web application was stopped. To prevent a memory leak, the JDBC Driver has been forcibly unregistered.
五月 26, 2017 11:09:01 上午 org.apache.catalina.loader.WebappClassLoader clearReferencesThreads
严重: The web application [/mine] appears to have started a thread named [Abandoned connection cleanup thread] but has failed to stop it. This is very likely to create a memory leak.
五月 26, 2017 11:09:01 上午 org.apache.coyote.AbstractProtocol stop
信息: Stopping ProtocolHandler ["http-bio-8080"]
五月 26, 2017 11:09:01 上午 org.apache.coyote.AbstractProtocol stop
信息: Stopping ProtocolHandler ["ajp-bio-8009"]
五月 26, 2017 11:09:01 上午 org.apache.coyote.AbstractProtocol destroy
信息: Destroying ProtocolHandler ["http-bio-8080"]
五月 26, 2017 11:09:01 上午 org.apache.coyote.AbstractProtocol destroy
信息: Destroying ProtocolHandler ["ajp-bio-8009"]
五月 26, 2017 11:09:02 上午 org.apache.catalina.core.AprLifecycleListener init
信息: The APR based Apache Tomcat Native library which allows optimal performance in production environments was not found on the java.library.path: C:\Program Files\Java\jdk1.8.0_101\bin;C:\WINDOWS\Sun\Java\bin;C:\WINDOWS\system32;C:\WINDOWS;C:\Users\SiVan\AppData\Local\Programs\Python\Python36-32;C:\Users\SiVan\AppData\Local\Programs\Python\Python36-32\Scripts\;C:\Program Files\Java\jdk1.8.0_101\bin;C:\ProgramData\Oracle\Java\javapath;C:\WINDOWS\system32;C:\WINDOWS;C:\WINDOWS\System32\Wbem;C:\WINDOWS\System32\WindowsPowerShell\v1.0\;E:\MySQL\bin;D:\Program Files\Git\Git\cmd;D:\Program Files\node\;C:\Program Files\Microsoft SQL Server\90\Tools\binn\;C:\Program Files (x86)\Microsoft SQL Server\90\Tools\binn\;C:\Program Files (x86)\Microsoft SQL Server\90\DTS\Binn\;C:\Program Files (x86)\Microsoft SQL Server\90\Tools\Binn\VSShell\Common7\IDE\;C:\Program Files (x86)\Microsoft Visual Studio 8\Common7\IDE\PrivateAssemblies\;E:\Anaconda;E:\Anaconda\Scripts;E:\Anaconda\Library\bin;C:\Users\SiVan\AppData\Roaming\npm;C:\Users\SiVan\AppData\Local\atom\bin;.
五月 26, 2017 11:09:02 上午 org.apache.coyote.AbstractProtocol init
信息: Initializing ProtocolHandler ["http-bio-8080"]
五月 26, 2017 11:09:02 上午 org.apache.coyote.AbstractProtocol init
信息: Initializing ProtocolHandler ["ajp-bio-8009"]
五月 26, 2017 11:09:02 上午 org.apache.catalina.startup.Catalina load
信息: Initialization processed in 332 ms
五月 26, 2017 11:09:02 上午 org.apache.catalina.core.StandardService startInternal
信息: Starting service Catalina
五月 26, 2017 11:09:02 上午 org.apache.catalina.core.StandardEngine startInternal
信息: Starting Servlet Engine: Apache Tomcat/7.0.53
五月 26, 2017 11:09:03 上午 org.apache.catalina.startup.HostConfig deployDirectory
信息: Deploying web application directory F:\apache-tomcat-7.0.53\webapps\docs
五月 26, 2017 11:09:03 上午 org.apache.catalina.startup.HostConfig deployDirectory
信息: Deploying web application directory F:\apache-tomcat-7.0.53\webapps\examples
五月 26, 2017 11:09:03 上午 org.apache.catalina.startup.HostConfig deployDirectory
信息: Deploying web application directory F:\apache-tomcat-7.0.53\webapps\host-manager
五月 26, 2017 11:09:03 上午 org.apache.catalina.startup.HostConfig deployDirectory
信息: Deploying web application directory F:\apache-tomcat-7.0.53\webapps\imooc
五月 26, 2017 11:09:03 上午 org.apache.catalina.startup.HostConfig deployDirectory
信息: Deploying web application directory F:\apache-tomcat-7.0.53\webapps\manager
五月 26, 2017 11:09:03 上午 org.apache.catalina.startup.HostConfig deployDirectory
信息: Deploying web application directory F:\apache-tomcat-7.0.53\webapps\mine
五月 26, 2017 11:09:03 上午 org.apache.catalina.startup.HostConfig deployDirectory
信息: Deploying web application directory F:\apache-tomcat-7.0.53\webapps\ROOT
五月 26, 2017 11:09:03 上午 org.apache.catalina.startup.HostConfig deployDirectory
信息: Deploying web application directory F:\apache-tomcat-7.0.53\webapps\S5901
五月 26, 2017 11:09:03 上午 org.apache.catalina.startup.HostConfig deployDirectory
信息: Deploying web application directory F:\apache-tomcat-7.0.53\webapps\s5903
五月 26, 2017 11:09:04 上午 org.apache.coyote.AbstractProtocol start
信息: Starting ProtocolHandler ["http-bio-8080"]
五月 26, 2017 11:09:04 上午 org.apache.coyote.AbstractProtocol start
信息: Starting ProtocolHandler ["ajp-bio-8009"]
五月 26, 2017 11:09:04 上午 org.apache.catalina.startup.Catalina start
信息: Server startup in 1104 ms
五月 26, 2017 11:12:12 上午 org.apache.catalina.core.StandardServer await
信息: A valid shutdown command was received via the shutdown port. Stopping the Server instance.
五月 26, 2017 11:12:12 上午 org.apache.coyote.AbstractProtocol pause
信息: Pausing ProtocolHandler ["http-bio-8080"]
五月 26, 2017 11:12:12 上午 org.apache.coyote.AbstractProtocol pause
信息: Pausing ProtocolHandler ["ajp-bio-8009"]
五月 26, 2017 11:12:12 上午 org.apache.catalina.core.StandardService stopInternal
信息: Stopping service Catalina
五月 26, 2017 11:12:12 上午 org.apache.catalina.loader.WebappClassLoader clearReferencesThreads
严重: The web application [/S5901] appears to have started a thread named [Abandoned connection cleanup thread] but has failed to stop it. This is very likely to create a memory leak.
五月 26, 2017 11:12:12 上午 org.apache.catalina.loader.WebappClassLoader clearReferencesThreads
严重: The web application [/s5903] appears to have started a thread named [Abandoned connection cleanup thread] but has failed to stop it. This is very likely to create a memory leak.
五月 26, 2017 11:12:12 上午 org.apache.catalina.loader.WebappClassLoader clearReferencesJdbc
严重: The web application [/mine] registered the JDBC driver [com.mysql.jdbc.Driver] but failed to unregister it when the web application was stopped. To prevent a memory leak, the JDBC Driver has been forcibly unregistered.
五月 26, 2017 11:12:12 上午 org.apache.catalina.loader.WebappClassLoader clearReferencesThreads
严重: The web application [/mine] appears to have started a thread named [Abandoned connection cleanup thread] but has failed to stop it. This is very likely to create a memory leak.
五月 26, 2017 11:12:12 上午 org.apache.coyote.AbstractProtocol stop
信息: Stopping ProtocolHandler ["http-bio-8080"]
五月 26, 2017 11:12:12 上午 org.apache.coyote.AbstractProtocol stop
信息: Stopping ProtocolHandler ["ajp-bio-8009"]
五月 26, 2017 11:12:12 上午 org.apache.coyote.AbstractProtocol destroy
信息: Destroying ProtocolHandler ["http-bio-8080"]
五月 26, 2017 11:12:12 上午 org.apache.coyote.AbstractProtocol destroy
信息: Destroying ProtocolHandler ["ajp-bio-8009"]
五月 26, 2017 11:12:17 上午 org.apache.catalina.core.AprLifecycleListener init
信息: The APR based Apache Tomcat Native library which allows optimal performance in production environments was not found on the java.library.path: C:\Program Files\Java\jdk1.8.0_101\bin;C:\WINDOWS\Sun\Java\bin;C:\WINDOWS\system32;C:\WINDOWS;C:\Users\SiVan\AppData\Local\Programs\Python\Python36-32;C:\Users\SiVan\AppData\Local\Programs\Python\Python36-32\Scripts\;C:\Program Files\Java\jdk1.8.0_101\bin;C:\ProgramData\Oracle\Java\javapath;C:\WINDOWS\system32;C:\WINDOWS;C:\WINDOWS\System32\Wbem;C:\WINDOWS\System32\WindowsPowerShell\v1.0\;E:\MySQL\bin;D:\Program Files\Git\Git\cmd;D:\Program Files\node\;C:\Program Files\Microsoft SQL Server\90\Tools\binn\;C:\Program Files (x86)\Microsoft SQL Server\90\Tools\binn\;C:\Program Files (x86)\Microsoft SQL Server\90\DTS\Binn\;C:\Program Files (x86)\Microsoft SQL Server\90\Tools\Binn\VSShell\Common7\IDE\;C:\Program Files (x86)\Microsoft Visual Studio 8\Common7\IDE\PrivateAssemblies\;E:\Anaconda;E:\Anaconda\Scripts;E:\Anaconda\Library\bin;C:\Users\SiVan\AppData\Roaming\npm;C:\Users\SiVan\AppData\Local\atom\bin;.
五月 26, 2017 11:12:17 上午 org.apache.coyote.AbstractProtocol init
信息: Initializing ProtocolHandler ["http-bio-8080"]
五月 26, 2017 11:12:17 上午 org.apache.coyote.AbstractProtocol init
信息: Initializing ProtocolHandler ["ajp-bio-8009"]
五月 26, 2017 11:12:17 上午 org.apache.catalina.startup.Catalina load
信息: Initialization processed in 311 ms
五月 26, 2017 11:12:17 上午 org.apache.catalina.core.StandardService startInternal
信息: Starting service Catalina
五月 26, 2017 11:12:17 上午 org.apache.catalina.core.StandardEngine startInternal
信息: Starting Servlet Engine: Apache Tomcat/7.0.53
五月 26, 2017 11:12:17 上午 org.apache.catalina.startup.HostConfig deployDirectory
信息: Deploying web application directory F:\apache-tomcat-7.0.53\webapps\docs
五月 26, 2017 11:12:17 上午 org.apache.catalina.startup.HostConfig deployDirectory
信息: Deploying web application directory F:\apache-tomcat-7.0.53\webapps\examples
五月 26, 2017 11:12:18 上午 org.apache.catalina.startup.HostConfig deployDirectory
信息: Deploying web application directory F:\apache-tomcat-7.0.53\webapps\host-manager
五月 26, 2017 11:12:18 上午 org.apache.catalina.startup.HostConfig deployDirectory
信息: Deploying web application directory F:\apache-tomcat-7.0.53\webapps\imooc
五月 26, 2017 11:12:18 上午 org.apache.catalina.startup.HostConfig deployDirectory
信息: Deploying web application directory F:\apache-tomcat-7.0.53\webapps\manager
五月 26, 2017 11:12:18 上午 org.apache.catalina.startup.HostConfig deployDirectory
信息: Deploying web application directory F:\apache-tomcat-7.0.53\webapps\mine
五月 26, 2017 11:12:18 上午 org.apache.catalina.startup.HostConfig deployDirectory
信息: Deploying web application directory F:\apache-tomcat-7.0.53\webapps\ROOT
五月 26, 2017 11:12:18 上午 org.apache.catalina.startup.HostConfig deployDirectory
信息: Deploying web application directory F:\apache-tomcat-7.0.53\webapps\S5901
五月 26, 2017 11:12:18 上午 org.apache.catalina.startup.HostConfig deployDirectory
信息: Deploying web application directory F:\apache-tomcat-7.0.53\webapps\s5903
五月 26, 2017 11:12:18 上午 org.apache.coyote.AbstractProtocol start
信息: Starting ProtocolHandler ["http-bio-8080"]
五月 26, 2017 11:12:18 上午 org.apache.coyote.AbstractProtocol start
信息: Starting ProtocolHandler ["ajp-bio-8009"]
五月 26, 2017 11:12:18 上午 org.apache.catalina.startup.Catalina start
信息: Server startup in 1015 ms
五月 26, 2017 11:21:59 上午 org.apache.catalina.core.StandardServer await
信息: A valid shutdown command was received via the shutdown port. Stopping the Server instance.
五月 26, 2017 11:21:59 上午 org.apache.coyote.AbstractProtocol pause
信息: Pausing ProtocolHandler ["http-bio-8080"]
五月 26, 2017 11:21:59 上午 org.apache.coyote.AbstractProtocol pause
信息: Pausing ProtocolHandler ["ajp-bio-8009"]
五月 26, 2017 11:21:59 上午 org.apache.catalina.core.StandardService stopInternal
信息: Stopping service Catalina
五月 26, 2017 11:21:59 上午 org.apache.catalina.loader.WebappClassLoader clearReferencesThreads
严重: The web application [/S5901] appears to have started a thread named [Abandoned connection cleanup thread] but has failed to stop it. This is very likely to create a memory leak.
五月 26, 2017 11:21:59 上午 org.apache.catalina.loader.WebappClassLoader clearReferencesThreads
严重: The web application [/s5903] appears to have started a thread named [Abandoned connection cleanup thread] but has failed to stop it. This is very likely to create a memory leak.
五月 26, 2017 11:21:59 上午 org.apache.catalina.loader.WebappClassLoader clearReferencesJdbc
严重: The web application [/mine] registered the JDBC driver [com.mysql.jdbc.Driver] but failed to unregister it when the web application was stopped. To prevent a memory leak, the JDBC Driver has been forcibly unregistered.
五月 26, 2017 11:21:59 上午 org.apache.catalina.loader.WebappClassLoader clearReferencesThreads
严重: The web application [/mine] appears to have started a thread named [Abandoned connection cleanup thread] but has failed to stop it. This is very likely to create a memory leak.
五月 26, 2017 11:21:59 上午 org.apache.coyote.AbstractProtocol stop
信息: Stopping ProtocolHandler ["http-bio-8080"]
五月 26, 2017 11:21:59 上午 org.apache.coyote.AbstractProtocol stop
信息: Stopping ProtocolHandler ["ajp-bio-8009"]
五月 26, 2017 11:21:59 上午 org.apache.coyote.AbstractProtocol destroy
信息: Destroying ProtocolHandler ["http-bio-8080"]
五月 26, 2017 11:21:59 上午 org.apache.coyote.AbstractProtocol destroy
信息: Destroying ProtocolHandler ["ajp-bio-8009"]
