∆ﬂ‘¬ 07, 2017 10:33:45 œ¬ŒÁ org.apache.catalina.core.ApplicationContext log
–≈œ¢: ContextListener: contextInitialized()
∆ﬂ‘¬ 07, 2017 10:33:45 œ¬ŒÁ org.apache.catalina.core.ApplicationContext log
–≈œ¢: SessionListener: contextInitialized()
∆ﬂ‘¬ 07, 2017 10:33:45 œ¬ŒÁ org.apache.catalina.core.ApplicationContext log
–≈œ¢: ContextListener: attributeAdded('org.apache.jasper.compiler.TldLocationsCache', 'org.apache.jasper.compiler.TldLocationsCache@22738248')
∆ﬂ‘¬ 07, 2017 10:36:19 œ¬ŒÁ org.apache.catalina.core.StandardWrapperValve invoke
—œ÷ÿ: Servlet.service() for servlet [jsp] in context with path [/webDemo] threw exception [Unable to compile class for JSP: 

An error occurred at line: 17 in the jsp file: /test.jsp
Syntax error, insert "Finally" to complete TryStatement
14:     %>
15:     ÁñØÁãÇÁöÑJavaËÆ≠ÁªÉËê•ÔºàWild Java CampÔº?</font>
16:     <br/>
17:     <%}%>
18:   </body>
19: </html>


An error occurred at line: [85] in the generated java file: [F:\Github≤÷ø‚\JspWorkSpace\apache-tomcat-7.0.53\work\Catalina\localhost\webDemo\org\apache\jsp\test_jsp.java]
Syntax error on token "catch", Identifier expected

An error occurred at line: [87] in the generated java file: [F:\Github≤÷ø‚\JspWorkSpace\apache-tomcat-7.0.53\work\Catalina\localhost\webDemo\org\apache\jsp\test_jsp.java]
out cannot be resolved to a variable

An error occurred at line: [87] in the generated java file: [F:\Github≤÷ø‚\JspWorkSpace\apache-tomcat-7.0.53\work\Catalina\localhost\webDemo\org\apache\jsp\test_jsp.java]
_jspx_out cannot be resolved to a variable

An error occurred at line: [88] in the generated java file: [F:\Github≤÷ø‚\JspWorkSpace\apache-tomcat-7.0.53\work\Catalina\localhost\webDemo\org\apache\jsp\test_jsp.java]
out cannot be resolved to a variable

An error occurred at line: [88] in the generated java file: [F:\Github≤÷ø‚\JspWorkSpace\apache-tomcat-7.0.53\work\Catalina\localhost\webDemo\org\apache\jsp\test_jsp.java]
out cannot be resolved

An error occurred at line: [89] in the generated java file: [F:\Github≤÷ø‚\JspWorkSpace\apache-tomcat-7.0.53\work\Catalina\localhost\webDemo\org\apache\jsp\test_jsp.java]
out cannot be resolved

An error occurred at line: [90] in the generated java file: [F:\Github≤÷ø‚\JspWorkSpace\apache-tomcat-7.0.53\work\Catalina\localhost\webDemo\org\apache\jsp\test_jsp.java]
_jspx_page_context cannot be resolved to a variable

An error occurred at line: [90] in the generated java file: [F:\Github≤÷ø‚\JspWorkSpace\apache-tomcat-7.0.53\work\Catalina\localhost\webDemo\org\apache\jsp\test_jsp.java]
_jspx_page_context cannot be resolved

An error occurred at line: [93] in the generated java file: [F:\Github≤÷ø‚\JspWorkSpace\apache-tomcat-7.0.53\work\Catalina\localhost\webDemo\org\apache\jsp\test_jsp.java]
Syntax error on token "finally", { expected

An error occurred at line: [94] in the generated java file: [F:\Github≤÷ø‚\JspWorkSpace\apache-tomcat-7.0.53\work\Catalina\localhost\webDemo\org\apache\jsp\test_jsp.java]
_jspx_page_context cannot be resolved to a variable

Stacktrace:] with root cause
org.apache.jasper.JasperException: Unable to compile class for JSP: 

An error occurred at line: 17 in the jsp file: /test.jsp
Syntax error, insert "Finally" to complete TryStatement
14:     %>
15:     ÁñØÁãÇÁöÑJavaËÆ≠ÁªÉËê•ÔºàWild Java CampÔº?</font>
16:     <br/>
17:     <%}%>
18:   </body>
19: </html>


An error occurred at line: [85] in the generated java file: [F:\Github≤÷ø‚\JspWorkSpace\apache-tomcat-7.0.53\work\Catalina\localhost\webDemo\org\apache\jsp\test_jsp.java]
Syntax error on token "catch", Identifier expected

An error occurred at line: [87] in the generated java file: [F:\Github≤÷ø‚\JspWorkSpace\apache-tomcat-7.0.53\work\Catalina\localhost\webDemo\org\apache\jsp\test_jsp.java]
out cannot be resolved to a variable

An error occurred at line: [87] in the generated java file: [F:\Github≤÷ø‚\JspWorkSpace\apache-tomcat-7.0.53\work\Catalina\localhost\webDemo\org\apache\jsp\test_jsp.java]
_jspx_out cannot be resolved to a variable

An error occurred at line: [88] in the generated java file: [F:\Github≤÷ø‚\JspWorkSpace\apache-tomcat-7.0.53\work\Catalina\localhost\webDemo\org\apache\jsp\test_jsp.java]
out cannot be resolved to a variable

An error occurred at line: [88] in the generated java file: [F:\Github≤÷ø‚\JspWorkSpace\apache-tomcat-7.0.53\work\Catalina\localhost\webDemo\org\apache\jsp\test_jsp.java]
out cannot be resolved

An error occurred at line: [89] in the generated java file: [F:\Github≤÷ø‚\JspWorkSpace\apache-tomcat-7.0.53\work\Catalina\localhost\webDemo\org\apache\jsp\test_jsp.java]
out cannot be resolved

An error occurred at line: [90] in the generated java file: [F:\Github≤÷ø‚\JspWorkSpace\apache-tomcat-7.0.53\work\Catalina\localhost\webDemo\org\apache\jsp\test_jsp.java]
_jspx_page_context cannot be resolved to a variable

An error occurred at line: [90] in the generated java file: [F:\Github≤÷ø‚\JspWorkSpace\apache-tomcat-7.0.53\work\Catalina\localhost\webDemo\org\apache\jsp\test_jsp.java]
_jspx_page_context cannot be resolved

An error occurred at line: [93] in the generated java file: [F:\Github≤÷ø‚\JspWorkSpace\apache-tomcat-7.0.53\work\Catalina\localhost\webDemo\org\apache\jsp\test_jsp.java]
Syntax error on token "finally", { expected

An error occurred at line: [94] in the generated java file: [F:\Github≤÷ø‚\JspWorkSpace\apache-tomcat-7.0.53\work\Catalina\localhost\webDemo\org\apache\jsp\test_jsp.java]
_jspx_page_context cannot be resolved to a variable

Stacktrace:
	at org.apache.jasper.compiler.DefaultErrorHandler.javacError(DefaultErrorHandler.java:103)
	at org.apache.jasper.compiler.ErrorDispatcher.javacError(ErrorDispatcher.java:366)
	at org.apache.jasper.compiler.JDTCompiler.generateClass(JDTCompiler.java:476)
	at org.apache.jasper.compiler.Compiler.compile(Compiler.java:378)
	at org.apache.jasper.compiler.Compiler.compile(Compiler.java:353)
	at org.apache.jasper.compiler.Compiler.compile(Compiler.java:340)
	at org.apache.jasper.JspCompilationContext.compile(JspCompilationContext.java:657)
	at org.apache.jasper.servlet.JspServletWrapper.service(JspServletWrapper.java:357)
	at org.apache.jasper.servlet.JspServlet.serviceJspFile(JspServlet.java:390)
	at org.apache.jasper.servlet.JspServlet.service(JspServlet.java:334)
	at javax.servlet.http.HttpServlet.service(HttpServlet.java:727)
	at org.apache.catalina.core.ApplicationFilterChain.internalDoFilter(ApplicationFilterChain.java:303)
	at org.apache.catalina.core.ApplicationFilterChain.doFilter(ApplicationFilterChain.java:208)
	at org.apache.tomcat.websocket.server.WsFilter.doFilter(WsFilter.java:52)
	at org.apache.catalina.core.ApplicationFilterChain.internalDoFilter(ApplicationFilterChain.java:241)
	at org.apache.catalina.core.ApplicationFilterChain.doFilter(ApplicationFilterChain.java:208)
	at org.apache.catalina.core.StandardWrapperValve.invoke(StandardWrapperValve.java:220)
	at org.apache.catalina.core.StandardContextValve.invoke(StandardContextValve.java:122)
	at org.apache.catalina.authenticator.AuthenticatorBase.invoke(AuthenticatorBase.java:501)
	at org.apache.catalina.core.StandardHostValve.invoke(StandardHostValve.java:170)
	at org.apache.catalina.valves.ErrorReportValve.invoke(ErrorReportValve.java:98)
	at org.apache.catalina.valves.AccessLogValve.invoke(AccessLogValve.java:950)
	at org.apache.catalina.core.StandardEngineValve.invoke(StandardEngineValve.java:116)
	at org.apache.catalina.connector.CoyoteAdapter.service(CoyoteAdapter.java:408)
	at org.apache.coyote.http11.AbstractHttp11Processor.process(AbstractHttp11Processor.java:1040)
	at org.apache.coyote.AbstractProtocol$AbstractConnectionHandler.process(AbstractProtocol.java:607)
	at org.apache.tomcat.util.net.JIoEndpoint$SocketProcessor.run(JIoEndpoint.java:315)
	at java.util.concurrent.ThreadPoolExecutor.runWorker(ThreadPoolExecutor.java:1142)
	at java.util.concurrent.ThreadPoolExecutor$Worker.run(ThreadPoolExecutor.java:617)
	at java.lang.Thread.run(Thread.java:745)

